Vivado Simulator v2024.1
Copyright 1986-2022 Xilinx, Inc. All Rights Reserved.
Copyright 2022-2024 Advanced Micro Devices, Inc. All Rights Reserved.
Running: C:/Xilinx/Vivado/2024.1/bin/unwrapped/win64.o/xelab.exe --incr --debug typical --relax --mt 2 -L xil_defaultlib -L secureip --snapshot neoTRNG_tb_behav xil_defaultlib.neoTRNG_tb -log elaborate.log 
Using 2 slave threads.
Starting static elaboration
Completed static elaboration
Starting simulation data flow analysis
Completed simulation data flow analysis
Time Resolution for simulation is 1ps
Compiling package std.standard
Compiling package std.textio
Compiling package ieee.std_logic_1164
Compiling package ieee.numeric_std
Compiling architecture neotrng_cell_rtl of entity xil_defaultlib.neoTRNG_cell [\neoTRNG_cell(num_inv=5,sim_mode...]
Compiling architecture neotrng_cell_rtl of entity xil_defaultlib.neoTRNG_cell [\neoTRNG_cell(num_inv=7,sim_mode...]
Compiling architecture neotrng_cell_rtl of entity xil_defaultlib.neoTRNG_cell [\neoTRNG_cell(num_inv=9,sim_mode...]
Compiling architecture neotrng_rtl of entity xil_defaultlib.neoTRNG [\neoTRNG(sim_mode=true)\]
Compiling architecture neotrng_tb_rtl of entity xil_defaultlib.neotrng_tb
Built simulation snapshot neoTRNG_tb_behav
